Build started 10/11/15 11:48:19.
     1>Project "\\Mac\Dropbox\z4 Cuarto\VC - Visión por computador\Trabajo1\Project1\Project2.vcxproj" on node 2 (Build target(s)).
     1>C:\Program Files (x86)\MSBuild\Microsoft.Cpp\v4.0\V140\Microsoft.CppBuild.targets(392,5): warning MSB8028: The intermediate directory (Debug\) contains files shared from another project (Project2.vcxproj).  This can lead to incorrect clean and rebuild behavior.
     1>ClCompile:
         C:\Program Files (x86)\Microsoft Visual Studio 14.0\VC\bin\CL.exe /c /IC:\opencv\build\include /ZI /nologo /W3 /WX- /sdl /Od /Oy- /D _MBCS /Gm /EHsc /RTC1 /MDd /GS /fp:precise /Zc:wchar_t /Zc:forScope /Zc:inline /Fo"Debug\\" /Fd"Debug\vc140.pdb" /Gd /TP /analyze- /errorReport:prompt main.cpp
         main.cpp
     1>\\mac\dropbox\z4 cuarto\vc - visión por computador\trabajo1\project1\main.cpp(20): warning C4018: '<': signed/unsigned mismatch
     1>\\mac\dropbox\z4 cuarto\vc - visión por computador\trabajo1\project1\main.cpp(31): warning C4018: '<': signed/unsigned mismatch
     1>\\mac\dropbox\z4 cuarto\vc - visión por computador\trabajo1\project1\main.cpp(48): warning C4244: 'initializing': conversion from 'float' to 'int', possible loss of data
     1>\\mac\dropbox\z4 cuarto\vc - visión por computador\trabajo1\project1\main.cpp(56): warning C4244: '=': conversion from 'double' to 'float', possible loss of data
     1>\\mac\dropbox\z4 cuarto\vc - visión por computador\trabajo1\project1\main.cpp(120): warning C4244: '=': conversion from 'double' to 'float', possible loss of data
     1>\\mac\dropbox\z4 cuarto\vc - visión por computador\trabajo1\project1\main.cpp(132): warning C4244: '=': conversion from 'double' to 'float', possible loss of data
     1>\\mac\dropbox\z4 cuarto\vc - visión por computador\trabajo1\project1\main.cpp(146): warning C4244: '=': conversion from 'double' to 'float', possible loss of data
     1>\\mac\dropbox\z4 cuarto\vc - visión por computador\trabajo1\project1\main.cpp(148): warning C4244: '=': conversion from 'double' to 'float', possible loss of data
     1>\\mac\dropbox\z4 cuarto\vc - visión por computador\trabajo1\project1\main.cpp(150): warning C4244: '=': conversion from 'double' to 'float', possible loss of data
     1>\\mac\dropbox\z4 cuarto\vc - visión por computador\trabajo1\project1\main.cpp(166): warning C4244: '=': conversion from 'double' to 'float', possible loss of data
     1>\\mac\dropbox\z4 cuarto\vc - visión por computador\trabajo1\project1\main.cpp(168): warning C4244: '=': conversion from 'double' to 'float', possible loss of data
     1>\\mac\dropbox\z4 cuarto\vc - visión por computador\trabajo1\project1\main.cpp(170): warning C4244: '=': conversion from 'double' to 'float', possible loss of data
     1>\\mac\dropbox\z4 cuarto\vc - visión por computador\trabajo1\project1\main.cpp(255): warning C4244: 'argument': conversion from 'int' to 'float', possible loss of data
     1>\\mac\dropbox\z4 cuarto\vc - visión por computador\trabajo1\project1\main.cpp(262): warning C4244: 'argument': conversion from 'int' to 'float', possible loss of data
       Link:
         C:\Program Files (x86)\Microsoft Visual Studio 14.0\VC\bin\link.exe /ERRORREPORT:PROMPT /OUT:"\\Mac\Dropbox\z4 Cuarto\VC - Visión por computador\Trabajo1\Project1\Debug\VCTrabajo.exe" /INCREMENTAL /NOLOGO /LIBPATH:C:\opencv\build\x86\vc12\lib opencv_ts300d.lib opencv_world300d.lib kernel32.lib user32.lib gdi32.lib winspool.lib comdlg32.lib advapi32.lib shell32.lib ole32.lib oleaut32.lib uuid.lib odbc32.lib odbccp32.lib /MANIFEST /MANIFESTUAC:"level='asInvoker' uiAccess='false'" /manifest:embed /Debug /PDB:"\\Mac\Dropbox\z4 Cuarto\VC - Visión por computador\Trabajo1\Project1\Debug\VCTrabajo.pdb" /TLBID:1 /DYNAMICBASE /NXCOMPAT /IMPLIB:"\\Mac\Dropbox\z4 Cuarto\VC - Visión por computador\Trabajo1\Project1\Debug\VCTrabajo.lib" /MACHINE:X86 Debug\main.obj
         Project2.vcxproj -> \\Mac\Dropbox\z4 Cuarto\VC - Visión por computador\Trabajo1\Project1\Debug\VCTrabajo.exe
     1>Done Building Project "\\Mac\Dropbox\z4 Cuarto\VC - Visión por computador\Trabajo1\Project1\Project2.vcxproj" (Build target(s)).

Build succeeded.

Time Elapsed 00:00:04.04
