Compilación iniciada a las 13/1/16 19:52:54.
     1>Proyecto "\\Mac\Dropbox\z4 Cuarto\VC - Visión por computador\Trabajo3\Project1\Project1.vcxproj" en el nodo 2 (Build destinos).
     1>C:\Program Files (x86)\MSBuild\Microsoft.Cpp\v4.0\V120\Microsoft.CppBuild.targets(388,5): warning MSB8028: The intermediate directory (Debug\) contains files shared from another project (Project1 (Copia en conflicto de DESKTOP-5231KS4 2015-11-23).vcxproj).  This can lead to incorrect clean and rebuild behavior.
     1>ClCompile:
         C:\Program Files (x86)\Microsoft Visual Studio 12.0\VC\bin\CL.exe /c /IC:\opencv\build\include /ZI /nologo /W3 /WX- /sdl /Od /Oy- /D _MBCS /Gm /EHsc /RTC1 /MDd /GS /fp:precise /Zc:wchar_t /Zc:forScope /Fo"Debug\\" /Fd"Debug\vc120.pdb" /Gd /TP /analyze- /errorReport:prompt main.cpp
         main.cpp
     1>\\mac\dropbox\z4 cuarto\vc - visión por computador\trabajo3\project1\main.cpp(29): warning C4018: '<' : no coinciden signed/unsigned
     1>\\mac\dropbox\z4 cuarto\vc - visión por computador\trabajo3\project1\main.cpp(40): warning C4018: '<' : no coinciden signed/unsigned
     1>\\mac\dropbox\z4 cuarto\vc - visión por computador\trabajo3\project1\main.cpp(59): warning C4244: 'inicializando' : conversión de 'float' a 'int'; posible pérdida de datos
     1>\\mac\dropbox\z4 cuarto\vc - visión por computador\trabajo3\project1\main.cpp(67): warning C4244: '=' : conversión de 'double' a 'float'; posible pérdida de datos
     1>\\mac\dropbox\z4 cuarto\vc - visión por computador\trabajo3\project1\main.cpp(131): warning C4244: '=' : conversión de 'double' a 'float'; posible pérdida de datos
     1>\\mac\dropbox\z4 cuarto\vc - visión por computador\trabajo3\project1\main.cpp(143): warning C4244: '=' : conversión de 'double' a 'float'; posible pérdida de datos
     1>\\mac\dropbox\z4 cuarto\vc - visión por computador\trabajo3\project1\main.cpp(157): warning C4244: '=' : conversión de 'double' a 'float'; posible pérdida de datos
     1>\\mac\dropbox\z4 cuarto\vc - visión por computador\trabajo3\project1\main.cpp(159): warning C4244: '=' : conversión de 'double' a 'float'; posible pérdida de datos
     1>\\mac\dropbox\z4 cuarto\vc - visión por computador\trabajo3\project1\main.cpp(161): warning C4244: '=' : conversión de 'double' a 'float'; posible pérdida de datos
     1>\\mac\dropbox\z4 cuarto\vc - visión por computador\trabajo3\project1\main.cpp(177): warning C4244: '=' : conversión de 'double' a 'float'; posible pérdida de datos
     1>\\mac\dropbox\z4 cuarto\vc - visión por computador\trabajo3\project1\main.cpp(179): warning C4244: '=' : conversión de 'double' a 'float'; posible pérdida de datos
     1>\\mac\dropbox\z4 cuarto\vc - visión por computador\trabajo3\project1\main.cpp(181): warning C4244: '=' : conversión de 'double' a 'float'; posible pérdida de datos
     1>\\mac\dropbox\z4 cuarto\vc - visión por computador\trabajo3\project1\main.cpp(266): warning C4244: 'argumento' : conversión de 'int' a 'float'; posible pérdida de datos
     1>\\mac\dropbox\z4 cuarto\vc - visión por computador\trabajo3\project1\main.cpp(273): warning C4244: 'argumento' : conversión de 'int' a 'float'; posible pérdida de datos
     1>\\mac\dropbox\z4 cuarto\vc - visión por computador\trabajo3\project1\main.cpp(308): warning C4018: '<' : no coinciden signed/unsigned
     1>\\mac\dropbox\z4 cuarto\vc - visión por computador\trabajo3\project1\main.cpp(549): warning C4018: '<' : no coinciden signed/unsigned
     1>\\mac\dropbox\z4 cuarto\vc - visión por computador\trabajo3\project1\main.cpp(623): warning C4018: '<' : no coinciden signed/unsigned
     1>\\mac\dropbox\z4 cuarto\vc - visión por computador\trabajo3\project1\main.cpp(806): warning C4018: '<' : no coinciden signed/unsigned
     1>\\mac\dropbox\z4 cuarto\vc - visión por computador\trabajo3\project1\main.cpp(821): warning C4018: '<' : no coinciden signed/unsigned
     1>\\mac\dropbox\z4 cuarto\vc - visión por computador\trabajo3\project1\main.cpp(823): warning C4018: '<' : no coinciden signed/unsigned
     1>\\mac\dropbox\z4 cuarto\vc - visión por computador\trabajo3\project1\main.cpp(892): warning C4018: '<' : no coinciden signed/unsigned
     1>\\mac\dropbox\z4 cuarto\vc - visión por computador\trabajo3\project1\main.cpp(894): warning C4244: '=' : conversión de 'double' a 'float'; posible pérdida de datos
     1>\\mac\dropbox\z4 cuarto\vc - visión por computador\trabajo3\project1\main.cpp(895): warning C4244: '=' : conversión de 'double' a 'float'; posible pérdida de datos
     1>\\mac\dropbox\z4 cuarto\vc - visión por computador\trabajo3\project1\main.cpp(896): warning C4244: '=' : conversión de 'double' a 'float'; posible pérdida de datos
     1>\\mac\dropbox\z4 cuarto\vc - visión por computador\trabajo3\project1\main.cpp(906): warning C4018: '<' : no coinciden signed/unsigned
     1>\\mac\dropbox\z4 cuarto\vc - visión por computador\trabajo3\project1\main.cpp(916): warning C4018: '<' : no coinciden signed/unsigned
     1>\\mac\dropbox\z4 cuarto\vc - visión por computador\trabajo3\project1\main.cpp(1011): warning C4244: '+=' : conversión de 'double' a 'float'; posible pérdida de datos
     1>\\mac\dropbox\z4 cuarto\vc - visión por computador\trabajo3\project1\main.cpp(1070): warning C4244: 'argumento' : conversión de 'int' a 'float'; posible pérdida de datos
     1>\\mac\dropbox\z4 cuarto\vc - visión por computador\trabajo3\project1\main.cpp(1102): warning C4018: '<' : no coinciden signed/unsigned
     1>\\mac\dropbox\z4 cuarto\vc - visión por computador\trabajo3\project1\main.cpp(1144): warning C4018: '<' : no coinciden signed/unsigned
     1>\\mac\dropbox\z4 cuarto\vc - visión por computador\trabajo3\project1\main.cpp(1186): warning C4018: '<' : no coinciden signed/unsigned
     1>\\mac\dropbox\z4 cuarto\vc - visión por computador\trabajo3\project1\main.cpp(1191): warning C4244: 'argumento' : conversión de 'const float' a 'int'; posible pérdida de datos
     1>\\mac\dropbox\z4 cuarto\vc - visión por computador\trabajo3\project1\main.cpp(1210): warning C4018: '<' : no coinciden signed/unsigned
     1>\\mac\dropbox\z4 cuarto\vc - visión por computador\trabajo3\project1\main.cpp(1267): warning C4244: 'inicializando' : conversión de 'double' a 'float'; posible pérdida de datos
     1>\\mac\dropbox\z4 cuarto\vc - visión por computador\trabajo3\project1\main.cpp(1321): warning C4018: '<' : no coinciden signed/unsigned
       Link:
         C:\Program Files (x86)\Microsoft Visual Studio 12.0\VC\bin\link.exe /ERRORREPORT:PROMPT /OUT:"\\Mac\Dropbox\z4 Cuarto\VC - Visión por computador\Trabajo3\Project1\Debug\Project1.exe" /INCREMENTAL /NOLOGO /LIBPATH:C:\opencv\build\x86\vc12\lib opencv_ts300d.lib opencv_world300d.lib kernel32.lib user32.lib gdi32.lib winspool.lib comdlg32.lib advapi32.lib shell32.lib ole32.lib oleaut32.lib uuid.lib odbc32.lib odbccp32.lib /MANIFEST /MANIFESTUAC:"level='asInvoker' uiAccess='false'" /manifest:embed /DEBUG /PDB:"\\Mac\Dropbox\z4 Cuarto\VC - Visión por computador\Trabajo3\Project1\Debug\Project1.pdb" /TLBID:1 /DYNAMICBASE /NXCOMPAT /IMPLIB:"\\Mac\Dropbox\z4 Cuarto\VC - Visión por computador\Trabajo3\Project1\Debug\Project1.lib" /MACHINE:X86 Debug\main.obj
         Project1.vcxproj -> \\Mac\Dropbox\z4 Cuarto\VC - Visión por computador\Trabajo3\Project1\Debug\Project1.exe
     1>Compilación del proyecto terminada "\\Mac\Dropbox\z4 Cuarto\VC - Visión por computador\Trabajo3\Project1\Project1.vcxproj" (Build destinos).

Compilación correcta.

Tiempo transcurrido 00:00:03.43
