Compilación iniciada a las 21/11/15 22:08:15.
     1>Proyecto "\\Mac\Dropbox\z4 Cuarto\VC - Visión por computador\Trabajo2\Project1\Project1.vcxproj" en el nodo 2 (Build destinos).
     1>ClCompile:
         C:\Program Files (x86)\Microsoft Visual Studio 12.0\VC\bin\CL.exe /c /IC:\opencv\build\include /ZI /nologo /W3 /WX- /sdl /Od /Oy- /D _MBCS /Gm /EHsc /RTC1 /MDd /GS /fp:precise /Zc:wchar_t /Zc:forScope /Fo"Debug\\" /Fd"Debug\vc120.pdb" /Gd /TP /analyze- /errorReport:prompt main.cpp
         main.cpp
     1>\\mac\dropbox\z4 cuarto\vc - visión por computador\trabajo2\project1\main.cpp(28): warning C4018: '<' : no coinciden signed/unsigned
     1>\\mac\dropbox\z4 cuarto\vc - visión por computador\trabajo2\project1\main.cpp(39): warning C4018: '<' : no coinciden signed/unsigned
     1>\\mac\dropbox\z4 cuarto\vc - visión por computador\trabajo2\project1\main.cpp(58): warning C4244: 'inicializando' : conversión de 'float' a 'int'; posible pérdida de datos
     1>\\mac\dropbox\z4 cuarto\vc - visión por computador\trabajo2\project1\main.cpp(66): warning C4244: '=' : conversión de 'double' a 'float'; posible pérdida de datos
     1>\\mac\dropbox\z4 cuarto\vc - visión por computador\trabajo2\project1\main.cpp(130): warning C4244: '=' : conversión de 'double' a 'float'; posible pérdida de datos
     1>\\mac\dropbox\z4 cuarto\vc - visión por computador\trabajo2\project1\main.cpp(142): warning C4244: '=' : conversión de 'double' a 'float'; posible pérdida de datos
     1>\\mac\dropbox\z4 cuarto\vc - visión por computador\trabajo2\project1\main.cpp(156): warning C4244: '=' : conversión de 'double' a 'float'; posible pérdida de datos
     1>\\mac\dropbox\z4 cuarto\vc - visión por computador\trabajo2\project1\main.cpp(158): warning C4244: '=' : conversión de 'double' a 'float'; posible pérdida de datos
     1>\\mac\dropbox\z4 cuarto\vc - visión por computador\trabajo2\project1\main.cpp(160): warning C4244: '=' : conversión de 'double' a 'float'; posible pérdida de datos
     1>\\mac\dropbox\z4 cuarto\vc - visión por computador\trabajo2\project1\main.cpp(176): warning C4244: '=' : conversión de 'double' a 'float'; posible pérdida de datos
     1>\\mac\dropbox\z4 cuarto\vc - visión por computador\trabajo2\project1\main.cpp(178): warning C4244: '=' : conversión de 'double' a 'float'; posible pérdida de datos
     1>\\mac\dropbox\z4 cuarto\vc - visión por computador\trabajo2\project1\main.cpp(180): warning C4244: '=' : conversión de 'double' a 'float'; posible pérdida de datos
     1>\\mac\dropbox\z4 cuarto\vc - visión por computador\trabajo2\project1\main.cpp(265): warning C4244: 'argumento' : conversión de 'int' a 'float'; posible pérdida de datos
     1>\\mac\dropbox\z4 cuarto\vc - visión por computador\trabajo2\project1\main.cpp(272): warning C4244: 'argumento' : conversión de 'int' a 'float'; posible pérdida de datos
     1>\\mac\dropbox\z4 cuarto\vc - visión por computador\trabajo2\project1\main.cpp(307): warning C4018: '<' : no coinciden signed/unsigned
     1>\\mac\dropbox\z4 cuarto\vc - visión por computador\trabajo2\project1\main.cpp(548): warning C4018: '<' : no coinciden signed/unsigned
     1>\\mac\dropbox\z4 cuarto\vc - visión por computador\trabajo2\project1\main.cpp(622): warning C4018: '<' : no coinciden signed/unsigned
     1>\\mac\dropbox\z4 cuarto\vc - visión por computador\trabajo2\project1\main.cpp(808): warning C4018: '<' : no coinciden signed/unsigned
     1>\\mac\dropbox\z4 cuarto\vc - visión por computador\trabajo2\project1\main.cpp(825): warning C4018: '<' : no coinciden signed/unsigned
     1>\\mac\dropbox\z4 cuarto\vc - visión por computador\trabajo2\project1\main.cpp(827): warning C4018: '<' : no coinciden signed/unsigned
       Link:
         C:\Program Files (x86)\Microsoft Visual Studio 12.0\VC\bin\link.exe /ERRORREPORT:PROMPT /OUT:"\\Mac\Dropbox\z4 Cuarto\VC - Visión por computador\Trabajo2\Project1\Debug\Project1.exe" /INCREMENTAL /NOLOGO /LIBPATH:C:\opencv\build\x86\vc12\lib opencv_ts300d.lib opencv_world300d.lib kernel32.lib user32.lib gdi32.lib winspool.lib comdlg32.lib advapi32.lib shell32.lib ole32.lib oleaut32.lib uuid.lib odbc32.lib odbccp32.lib /MANIFEST /MANIFESTUAC:"level='asInvoker' uiAccess='false'" /manifest:embed /DEBUG /PDB:"\\Mac\Dropbox\z4 Cuarto\VC - Visión por computador\Trabajo2\Project1\Debug\Project1.pdb" /TLBID:1 /DYNAMICBASE /NXCOMPAT /IMPLIB:"\\Mac\Dropbox\z4 Cuarto\VC - Visión por computador\Trabajo2\Project1\Debug\Project1.lib" /MACHINE:X86 Debug\main.obj
         Project1.vcxproj -> \\Mac\Dropbox\z4 Cuarto\VC - Visión por computador\Trabajo2\Project1\Debug\Project1.exe
     1>Compilación del proyecto terminada "\\Mac\Dropbox\z4 Cuarto\VC - Visión por computador\Trabajo2\Project1\Project1.vcxproj" (Build destinos).

Compilación correcta.

Tiempo transcurrido 00:00:02.37
